<?xml version="1.0" encoding="UTF-8"?>
<testng-results skipped="0" failed="0" ignored="0" total="1" passed="1">
  <reporter-output>
  </reporter-output>
  <suite name="Default suite" duration-ms="717608" started-at="2019-10-10T06:04:31Z" finished-at="2019-10-10T06:16:28Z">
    <groups>
    </groups>
    <test name="Default test" duration-ms="717608" started-at="2019-10-10T06:04:31Z" finished-at="2019-10-10T06:16:28Z">
      <class name="test.VRDriverClass">
        <test-method status="PASS" signature="setUp()[pri:0, instance:test.VRDriverClass@50d0686]" name="setUp" is-config="true" duration-ms="5924" started-at="2019-10-10T06:04:31Z" finished-at="2019-10-10T06:04:37Z">
          <reporter-output>
          </reporter-output>
        </test-method> <!-- setUp -->
        <test-method status="PASS" signature="vesselRegistration()[pri:0, instance:test.VRDriverClass@50d0686]" name="vesselRegistration" duration-ms="711651" started-at="2019-10-10T06:04:37Z" finished-at="2019-10-10T06:16:28Z">
          <reporter-output>
          </reporter-output>
        </test-method> <!-- vesselRegistration -->
      </class> <!-- test.VRDriverClass -->
    </test> <!-- Default test -->
  </suite> <!-- Default suite -->
</testng-results>
