<?xml version="1.0" encoding="UTF-8"?>
<testng-results skipped="0" failed="0" ignored="0" total="1" passed="1">
  <reporter-output>
  </reporter-output>
  <suite name="Default suite" duration-ms="152455" started-at="2020-11-12T11:12:25Z" finished-at="2020-11-12T11:14:58Z">
    <groups>
    </groups>
    <test name="Default test" duration-ms="152455" started-at="2020-11-12T11:12:25Z" finished-at="2020-11-12T11:14:58Z">
      <class name="test.PTTDriverClass">
        <test-method status="PASS" signature="setUp()[pri:0, instance:test.PTTDriverClass@50d0686]" name="setUp" is-config="true" duration-ms="33276" started-at="2020-11-12T11:12:25Z" finished-at="2020-11-12T11:12:59Z">
          <reporter-output>
          </reporter-output>
        </test-method> <!-- setUp -->
        <test-method status="PASS" signature="create_PTTApprovalConditions()[pri:3, instance:test.PTTDriverClass@50d0686]" name="create_PTTApprovalConditions" duration-ms="119019" started-at="2020-11-12T11:12:59Z" finished-at="2020-11-12T11:14:58Z">
          <reporter-output>
          </reporter-output>
        </test-method> <!-- create_PTTApprovalConditions -->
      </class> <!-- test.PTTDriverClass -->
    </test> <!-- Default test -->
  </suite> <!-- Default suite -->
</testng-results>
