<?xml version="1.0" encoding="UTF-8"?>
<testng-results skipped="0" failed="0" ignored="0" total="2" passed="2">
  <reporter-output>
  </reporter-output>
  <suite name="Default suite" duration-ms="1057847" started-at="2019-10-11T08:15:30Z" finished-at="2019-10-11T08:33:08Z">
    <groups>
    </groups>
    <test name="Default test" duration-ms="1057847" started-at="2019-10-11T08:15:30Z" finished-at="2019-10-11T08:33:08Z">
      <class name="test.REG_Negative">
        <test-method status="PASS" signature="setUp()[pri:0, instance:test.REG_Negative@50d0686]" name="setUp" is-config="true" duration-ms="8754" started-at="2019-10-11T08:15:30Z" finished-at="2019-10-11T08:15:39Z">
          <reporter-output>
          </reporter-output>
        </test-method> <!-- setUp -->
        <test-method status="PASS" signature="login()[pri:0, instance:test.REG_Negative@50d0686]" name="login" duration-ms="3538" started-at="2019-10-11T08:15:39Z" finished-at="2019-10-11T08:15:42Z">
          <reporter-output>
          </reporter-output>
        </test-method> <!-- login -->
        <test-method status="PASS" signature="Regist()[pri:1, instance:test.REG_Negative@50d0686]" name="Regist" duration-ms="1045522" started-at="2019-10-11T08:15:42Z" finished-at="2019-10-11T08:33:08Z">
          <reporter-output>
          </reporter-output>
        </test-method> <!-- Regist -->
      </class> <!-- test.REG_Negative -->
    </test> <!-- Default test -->
  </suite> <!-- Default suite -->
</testng-results>
